Arguments: 
  /opt/dev/sh/nvm/versions/node/v16.17.0/bin/node /usr/local/bin/yarn install

PATH: 
  /opt/dev/sh/nvm/versions/node/v16.17.0/bin:/opt/homebrew/bin:/opt/homebrew/sbin:/opt/dev/bin/user:/usr/local/bin:/usr/bin:/bin:/usr/sbin:/sbin:/Library/Apple/usr/bin:/opt/homebrew/bin:/opt/homebrew/sbin:/Users/patrickmclennan/.cargo/bin:/Users/patrickmclennan/.cargo/bin

Yarn version: 
  1.22.18

Node version: 
  16.17.0

Platform: 
  darwin arm64

Trace: 
  SyntaxError: /Users/patrickmclennan/Documents/create_treact_app/package.json: Unexpected token / in JSON at position 1335
      at JSON.parse (<anonymous>)
      at /usr/local/lib/node_modules/yarn/lib/cli.js:1625:59
      at Generator.next (<anonymous>)
      at step (/usr/local/lib/node_modules/yarn/lib/cli.js:310:30)
      at /usr/local/lib/node_modules/yarn/lib/cli.js:321:13

npm manifest: 
  {
    "name": "create_treact_app",
    "version": "1.0.0",
    "description": "",
    "main": "index.js",
    "scripts": {
      "webpack:dev": "webpack --config ./webpack/webpack.dev.js",
      "webpack:prod": "webpack --config ./webpack/webpack.prod.js",
      "webpack:devServer": "webpack-dev-server --config ./webpack/webpack.dev.js",
      "jest": "jest",
      "jest:watch": "jest --watchAll"
    },
    "keywords": [],
    "author": "",
    "license": "ISC",
    "devDependencies": {
      "@swc/core": "^1.2.95",
      "@testing-library/react": "^12.1.2",
      "@testing-library/user-event": "^13.3.0",
      "@types/jest": "^27.0.2",
      "@typescript-eslint/eslint-plugin": "^4.33.0",
      "@typescript-eslint/parser": "^4.33.0",
      "autoprefixer": "^10.3.7",
      "clean-webpack-plugin": "^4.0.0",
      "css-loader": "^6.4.0",
      "eslint": "^8.0.0",
      "eslint-config-airbnb": "^18.2.1",
      "eslint-config-airbnb-typescript": "^14.0.1",
      "eslint-config-prettier": "^8.3.0",
      "eslint-plugin-import": "^2.24.2",
      "eslint-plugin-jsx-a11y": "^6.4.1",
      "eslint-plugin-prettier": "^4.0.0",
      "eslint-plugin-react": "^7.26.1",
      "eslint-plugin-react-hooks": "^4.2.0",
      "html-webpack-plugin": "^5.3.2",
      "jest": "^27.2.5",
      "jest-css-modules-transform": "^4.3.0",
      "jest-file-loader": "^1.0.1",
      "mini-css-extract-plugin": "^2.4.2",
      // "node-sass": "^6.0.1",
      "optimize-css-assets-webpack-plugin": "^6.0.1",
      "postcss-loader": "^6.1.1",
      "prettier": "^2.4.1",
      "sass-loader": "^12.1.0",
      "script-ext-html-webpack-plugin": "^2.1.5",
      "style-loader": "^3.3.0",
      "swc-loader": "^0.1.15",
      "ts-jest": "^27.0.5",
      "typescript": "^4.4.3",
      "webpack": "^5.58.1",
      "webpack-bundle-analyzer": "^4.4.2",
      "webpack-cli": "^4.9.0",
      "webpack-dev-server": "^4.3.1",
      "webpack-merge": "^5.8.0"
    },
    "dependencies": {
      "react": "^17.0.2",
      "react-dom": "^17.0.2",
      "react-router-dom": "^5.3.0"
    }
  }

yarn manifest: 
  No manifest

Lockfile: 
  No lockfile
